2026-06-11 10:10:56  claim=#10  status=awaiting_response  to=s8093587@live.vu.edu.au  result=SENT
2026-06-11 11:51:11  claim=#10  status=awaiting_response  to=s8093587@live.vu.edu.au  result=SENT
2026-06-11 11:51:18  claim=#10  status=awaiting_response  to=s8093587@live.vu.edu.au  result=SENT
2026-06-11 11:51:56  claim=#10  status=awaiting_response  to=s8093587@live.vu.edu.au  result=SENT
2026-06-11 11:52:01  claim=#10  status=awaiting_response  to=s8093587@live.vu.edu.au  result=SENT
2026-06-11 11:56:49  claim=#10  status=awaiting_response  to=s8093587@live.vu.edu.au  result=SENT
2026-06-11 11:57:13  claim=#10  status=verified  to=s8093587@live.vu.edu.au  result=SENT
2026-06-11 12:01:06  claim=#10  status=awaiting_response  to=s8093587@live.vu.edu.au  result=SENT
2026-06-11 12:01:33  claim=#10  status=verified  to=s8093587@live.vu.edu.au  result=SENT
2026-06-11 12:02:08  claim=#10  status=ready_for_collection  to=s8093587@live.vu.edu.au  result=SENT
2026-06-11 12:02:41  claim=#10  status=collected  to=s8093587@live.vu.edu.au  result=SENT
2026-06-11 13:40:33  claim=#11  status=awaiting_response  to=s8093587@live.vu.edu.au  result=SENT
2026-06-11 13:42:03  claim=#11  status=verification  to=s8093587@live.vu.edu.au  result=SENT
2026-06-11 13:42:55  claim=#11  status=verified  to=s8093587@live.vu.edu.au  result=SENT
2026-06-11 13:43:33  claim=#11  status=ready_for_collection  to=s8093587@live.vu.edu.au  result=SENT
2026-06-11 13:44:23  claim=#11  status=collected  to=s8093587@live.vu.edu.au  result=SENT
2026-06-12 13:16:49  claim=#12  status=awaiting_response  to=u4812162024@gmail.com  result=SENT
2026-06-12 13:18:04  claim=#12  status=verification  to=u4812162024@gmail.com  result=SENT
2026-06-12 13:19:54  claim=#12  status=verified  to=u4812162024@gmail.com  result=SENT
2026-06-12 13:24:26  claim=#12  status=awaiting_response  to=u4812162024@gmail.com  result=SENT
2026-06-12 13:28:30  claim=#12  status=verified  to=u4812162024@gmail.com  result=SENT
2026-06-12 13:28:40  claim=#12  status=ready_for_collection  to=u4812162024@gmail.com  result=SENT
2026-06-12 13:28:47  claim=#12  status=collected  to=u4812162024@gmail.com  result=SENT
